{"level":"info","message":"::1 - - [03/Jun/2023:15:29:42 +0000] \"PUT /api/tickets/647ad0be98c0bad3eb03aae8 HTTP/1.1\" 200 66 \"-\" \"PostmanRuntime/7.32.2\"\n","timestamp":"2023-06-03T15:29:42.437Z"}
{"level":"info","message":"::1 - - [03/Jun/2023:15:30:14 +0000] \"PUT /api/tickets/647ad0be98c0bad3eb03aae8 HTTP/1.1\" 200 66 \"-\" \"PostmanRuntime/7.32.2\"\n","timestamp":"2023-06-03T15:30:14.682Z"}
{"level":"info","message":"::1 - - [04/Jun/2023:02:14:12 +0000] \"POST /api/users HTTP/1.1\" 400 101 \"-\" \"PostmanRuntime/7.32.2\"\n","timestamp":"2023-06-04T02:14:12.204Z"}
{"level":"info","message":"::1 - - [04/Jun/2023:02:14:23 +0000] \"POST /api/users HTTP/1.1\" 400 101 \"-\" \"PostmanRuntime/7.32.2\"\n","timestamp":"2023-06-04T02:14:23.146Z"}
{"level":"info","message":"::1 - - [04/Jun/2023:02:14:30 +0000] \"POST /api/users HTTP/1.1\" 400 89 \"-\" \"PostmanRuntime/7.32.2\"\n","timestamp":"2023-06-04T02:14:30.270Z"}
{"level":"info","message":"::1 - - [04/Jun/2023:02:14:35 +0000] \"POST /api/users HTTP/1.1\" 400 101 \"-\" \"PostmanRuntime/7.32.2\"\n","timestamp":"2023-06-04T02:14:35.350Z"}
{"level":"info","message":"::1 - - [04/Jun/2023:02:14:38 +0000] \"POST /api/users HTTP/1.1\" 400 89 \"-\" \"PostmanRuntime/7.32.2\"\n","timestamp":"2023-06-04T02:14:38.535Z"}
{"level":"info","message":"::1 - - [04/Jun/2023:02:14:49 +0000] \"POST /api/users HTTP/1.1\" 400 101 \"-\" \"PostmanRuntime/7.32.2\"\n","timestamp":"2023-06-04T02:14:49.713Z"}
{"level":"info","message":"::1 - - [04/Jun/2023:02:14:51 +0000] \"POST /api/users HTTP/1.1\" 400 89 \"-\" \"PostmanRuntime/7.32.2\"\n","timestamp":"2023-06-04T02:14:51.625Z"}
{"level":"info","message":"::1 - - [04/Jun/2023:02:14:55 +0000] \"POST /api/users HTTP/1.1\" 400 101 \"-\" \"PostmanRuntime/7.32.2\"\n","timestamp":"2023-06-04T02:14:55.954Z"}
{"level":"info","message":"::1 - - [04/Jun/2023:02:15:01 +0000] \"POST /api/users HTTP/1.1\" 400 101 \"-\" \"PostmanRuntime/7.32.2\"\n","timestamp":"2023-06-04T02:15:01.140Z"}
{"level":"info","message":"::1 - - [04/Jun/2023:02:15:09 +0000] \"POST /api/users HTTP/1.1\" 400 89 \"-\" \"PostmanRuntime/7.32.2\"\n","timestamp":"2023-06-04T02:15:09.602Z"}
{"level":"info","message":"::1 - - [04/Jun/2023:02:15:11 +0000] \"POST /api/users HTTP/1.1\" 400 101 \"-\" \"PostmanRuntime/7.32.2\"\n","timestamp":"2023-06-04T02:15:11.531Z"}
{"level":"info","message":"::1 - - [04/Jun/2023:02:16:41 +0000] \"POST /api/users HTTP/1.1\" 400 89 \"-\" \"PostmanRuntime/7.32.2\"\n","timestamp":"2023-06-04T02:16:41.164Z"}
{"level":"info","message":"::1 - - [04/Jun/2023:02:16:42 +0000] \"POST /api/users HTTP/1.1\" 400 101 \"-\" \"PostmanRuntime/7.32.2\"\n","timestamp":"2023-06-04T02:16:42.980Z"}
{"level":"info","message":"::1 - - [04/Jun/2023:02:16:44 +0000] \"POST /api/users HTTP/1.1\" 400 89 \"-\" \"PostmanRuntime/7.32.2\"\n","timestamp":"2023-06-04T02:16:44.296Z"}
{"level":"info","message":"::1 - - [04/Jun/2023:02:16:45 +0000] \"POST /api/users HTTP/1.1\" 400 101 \"-\" \"PostmanRuntime/7.32.2\"\n","timestamp":"2023-06-04T02:16:45.566Z"}
{"level":"info","message":"::1 - - [04/Jun/2023:02:16:46 +0000] \"POST /api/users HTTP/1.1\" 400 105 \"-\" \"PostmanRuntime/7.32.2\"\n","timestamp":"2023-06-04T02:16:46.816Z"}
{"level":"info","message":"::1 - - [04/Jun/2023:02:16:48 +0000] \"POST /api/users HTTP/1.1\" 400 89 \"-\" \"PostmanRuntime/7.32.2\"\n","timestamp":"2023-06-04T02:16:48.148Z"}
{"level":"info","message":"::1 - - [04/Jun/2023:02:16:50 +0000] \"POST /api/users HTTP/1.1\" 400 101 \"-\" \"PostmanRuntime/7.32.2\"\n","timestamp":"2023-06-04T02:16:50.789Z"}
{"level":"info","message":"::1 - - [04/Jun/2023:02:16:52 +0000] \"POST /api/users HTTP/1.1\" 400 89 \"-\" \"PostmanRuntime/7.32.2\"\n","timestamp":"2023-06-04T02:16:52.443Z"}
{"level":"info","message":"::1 - - [04/Jun/2023:02:17:17 +0000] \"POST /api/users HTTP/1.1\" 500 52 \"-\" \"PostmanRuntime/7.32.2\"\n","timestamp":"2023-06-04T02:17:17.925Z"}
{"level":"info","message":"::1 - - [04/Jun/2023:02:17:54 +0000] \"POST /api/users HTTP/1.1\" 500 52 \"-\" \"PostmanRuntime/7.32.2\"\n","timestamp":"2023-06-04T02:17:54.515Z"}
{"level":"info","message":"::1 - - [04/Jun/2023:02:18:26 +0000] \"POST /api/users HTTP/1.1\" 500 52 \"-\" \"PostmanRuntime/7.32.2\"\n","timestamp":"2023-06-04T02:18:26.974Z"}
{"level":"info","message":"::1 - - [04/Jun/2023:02:23:09 +0000] \"POST /api/users HTTP/1.1\" 400 66 \"-\" \"PostmanRuntime/7.32.2\"\n","timestamp":"2023-06-04T02:23:09.960Z"}
{"level":"info","message":"::1 - - [04/Jun/2023:02:23:25 +0000] \"POST /api/users HTTP/1.1\" 201 149 \"-\" \"PostmanRuntime/7.32.2\"\n","timestamp":"2023-06-04T02:23:25.790Z"}
{"level":"info","message":"::1 - - [04/Jun/2023:02:23:38 +0000] \"POST /api/users HTTP/1.1\" 400 101 \"-\" \"PostmanRuntime/7.32.2\"\n","timestamp":"2023-06-04T02:23:38.113Z"}
{"level":"info","message":"::1 - - [04/Jun/2023:02:23:41 +0000] \"POST /api/users HTTP/1.1\" 400 89 \"-\" \"PostmanRuntime/7.32.2\"\n","timestamp":"2023-06-04T02:23:41.321Z"}
{"level":"info","message":"::1 - - [04/Jun/2023:02:23:44 +0000] \"POST /api/users HTTP/1.1\" 400 101 \"-\" \"PostmanRuntime/7.32.2\"\n","timestamp":"2023-06-04T02:23:44.639Z"}
{"level":"info","message":"::1 - - [04/Jun/2023:02:23:47 +0000] \"POST /api/users HTTP/1.1\" 400 105 \"-\" \"PostmanRuntime/7.32.2\"\n","timestamp":"2023-06-04T02:23:47.943Z"}
{"level":"info","message":"::1 - - [04/Jun/2023:02:23:51 +0000] \"POST /api/users HTTP/1.1\" 400 89 \"-\" \"PostmanRuntime/7.32.2\"\n","timestamp":"2023-06-04T02:23:51.962Z"}
{"level":"info","message":"::1 - - [04/Jun/2023:02:23:55 +0000] \"POST /api/users HTTP/1.1\" 400 101 \"-\" \"PostmanRuntime/7.32.2\"\n","timestamp":"2023-06-04T02:23:55.217Z"}
{"level":"info","message":"::1 - - [04/Jun/2023:02:23:58 +0000] \"POST /api/users HTTP/1.1\" 400 89 \"-\" \"PostmanRuntime/7.32.2\"\n","timestamp":"2023-06-04T02:23:58.030Z"}
{"level":"info","message":"::1 - - [04/Jun/2023:02:24:59 +0000] \"POST /api/users HTTP/1.1\" 400 101 \"-\" \"PostmanRuntime/7.32.2\"\n","timestamp":"2023-06-04T02:24:59.268Z"}
{"level":"info","message":"::1 - - [04/Jun/2023:02:25:01 +0000] \"POST /api/users HTTP/1.1\" 400 101 \"-\" \"PostmanRuntime/7.32.2\"\n","timestamp":"2023-06-04T02:25:01.393Z"}
{"level":"info","message":"::1 - - [04/Jun/2023:02:25:02 +0000] \"POST /api/users HTTP/1.1\" 400 101 \"-\" \"PostmanRuntime/7.32.2\"\n","timestamp":"2023-06-04T02:25:02.592Z"}
{"level":"info","message":"::1 - - [04/Jun/2023:02:25:03 +0000] \"POST /api/users HTTP/1.1\" 400 101 \"-\" \"PostmanRuntime/7.32.2\"\n","timestamp":"2023-06-04T02:25:03.649Z"}
{"level":"info","message":"::1 - - [04/Jun/2023:02:25:04 +0000] \"POST /api/users HTTP/1.1\" 400 101 \"-\" \"PostmanRuntime/7.32.2\"\n","timestamp":"2023-06-04T02:25:04.682Z"}
{"level":"info","message":"::1 - - [04/Jun/2023:02:25:05 +0000] \"POST /api/users HTTP/1.1\" 400 101 \"-\" \"PostmanRuntime/7.32.2\"\n","timestamp":"2023-06-04T02:25:05.765Z"}
{"level":"info","message":"::1 - - [04/Jun/2023:02:25:06 +0000] \"POST /api/users HTTP/1.1\" 400 101 \"-\" \"PostmanRuntime/7.32.2\"\n","timestamp":"2023-06-04T02:25:06.830Z"}
{"level":"info","message":"::1 - - [04/Jun/2023:02:25:08 +0000] \"POST /api/users HTTP/1.1\" 400 101 \"-\" \"PostmanRuntime/7.32.2\"\n","timestamp":"2023-06-04T02:25:08.129Z"}
{"level":"info","message":"::1 - - [04/Jun/2023:02:25:09 +0000] \"POST /api/users HTTP/1.1\" 400 101 \"-\" \"PostmanRuntime/7.32.2\"\n","timestamp":"2023-06-04T02:25:09.364Z"}
{"level":"info","message":"::1 - - [04/Jun/2023:02:25:10 +0000] \"POST /api/users HTTP/1.1\" 400 101 \"-\" \"PostmanRuntime/7.32.2\"\n","timestamp":"2023-06-04T02:25:10.647Z"}
{"level":"info","message":"::1 - - [04/Jun/2023:02:25:44 +0000] \"POST /api/users HTTP/1.1\" 400 89 \"-\" \"PostmanRuntime/7.32.2\"\n","timestamp":"2023-06-04T02:25:44.806Z"}
{"level":"info","message":"::1 - - [04/Jun/2023:02:25:57 +0000] \"POST /api/users HTTP/1.1\" 400 101 \"-\" \"PostmanRuntime/7.32.2\"\n","timestamp":"2023-06-04T02:25:57.157Z"}
{"level":"info","message":"::1 - - [04/Jun/2023:02:25:58 +0000] \"POST /api/users HTTP/1.1\" 400 105 \"-\" \"PostmanRuntime/7.32.2\"\n","timestamp":"2023-06-04T02:25:58.452Z"}
{"level":"info","message":"::1 - - [04/Jun/2023:02:25:59 +0000] \"POST /api/users HTTP/1.1\" 400 105 \"-\" \"PostmanRuntime/7.32.2\"\n","timestamp":"2023-06-04T02:25:59.638Z"}
{"level":"info","message":"::1 - - [04/Jun/2023:02:26:01 +0000] \"POST /api/users HTTP/1.1\" 400 105 \"-\" \"PostmanRuntime/7.32.2\"\n","timestamp":"2023-06-04T02:26:01.579Z"}
{"level":"info","message":"::1 - - [04/Jun/2023:02:26:02 +0000] \"POST /api/users HTTP/1.1\" 400 105 \"-\" \"PostmanRuntime/7.32.2\"\n","timestamp":"2023-06-04T02:26:02.695Z"}
{"level":"info","message":"::1 - - [04/Jun/2023:02:26:03 +0000] \"POST /api/users HTTP/1.1\" 400 105 \"-\" \"PostmanRuntime/7.32.2\"\n","timestamp":"2023-06-04T02:26:03.883Z"}
{"level":"info","message":"::1 - - [04/Jun/2023:02:26:05 +0000] \"POST /api/users HTTP/1.1\" 400 105 \"-\" \"PostmanRuntime/7.32.2\"\n","timestamp":"2023-06-04T02:26:05.169Z"}
{"level":"info","message":"::1 - - [04/Jun/2023:02:26:10 +0000] \"POST /api/users HTTP/1.1\" 400 89 \"-\" \"PostmanRuntime/7.32.2\"\n","timestamp":"2023-06-04T02:26:10.567Z"}
{"level":"info","message":"::1 - - [04/Jun/2023:02:26:13 +0000] \"POST /api/users HTTP/1.1\" 400 89 \"-\" \"PostmanRuntime/7.32.2\"\n","timestamp":"2023-06-04T02:26:13.726Z"}
{"level":"info","message":"::1 - - [04/Jun/2023:02:26:15 +0000] \"POST /api/users HTTP/1.1\" 400 89 \"-\" \"PostmanRuntime/7.32.2\"\n","timestamp":"2023-06-04T02:26:15.582Z"}
{"level":"info","message":"::1 - - [04/Jun/2023:02:26:17 +0000] \"POST /api/users HTTP/1.1\" 400 89 \"-\" \"PostmanRuntime/7.32.2\"\n","timestamp":"2023-06-04T02:26:17.085Z"}
{"level":"info","message":"::1 - - [04/Jun/2023:02:26:18 +0000] \"POST /api/users HTTP/1.1\" 400 89 \"-\" \"PostmanRuntime/7.32.2\"\n","timestamp":"2023-06-04T02:26:18.660Z"}
{"level":"info","message":"::1 - - [04/Jun/2023:02:26:20 +0000] \"POST /api/users HTTP/1.1\" 400 89 \"-\" \"PostmanRuntime/7.32.2\"\n","timestamp":"2023-06-04T02:26:20.328Z"}
{"level":"info","message":"::1 - - [04/Jun/2023:02:26:21 +0000] \"POST /api/users HTTP/1.1\" 400 89 \"-\" \"PostmanRuntime/7.32.2\"\n","timestamp":"2023-06-04T02:26:21.658Z"}
{"level":"info","message":"::1 - - [04/Jun/2023:02:26:22 +0000] \"POST /api/users HTTP/1.1\" 400 89 \"-\" \"PostmanRuntime/7.32.2\"\n","timestamp":"2023-06-04T02:26:22.903Z"}
{"level":"info","message":"::1 - - [04/Jun/2023:02:26:23 +0000] \"POST /api/users HTTP/1.1\" 400 89 \"-\" \"PostmanRuntime/7.32.2\"\n","timestamp":"2023-06-04T02:26:23.997Z"}
{"level":"info","message":"::1 - - [04/Jun/2023:02:26:26 +0000] \"POST /api/users HTTP/1.1\" 400 89 \"-\" \"PostmanRuntime/7.32.2\"\n","timestamp":"2023-06-04T02:26:26.228Z"}
{"level":"info","message":"::1 - - [04/Jun/2023:02:26:27 +0000] \"POST /api/users HTTP/1.1\" 400 89 \"-\" \"PostmanRuntime/7.32.2\"\n","timestamp":"2023-06-04T02:26:27.292Z"}
{"level":"info","message":"::1 - - [04/Jun/2023:02:26:31 +0000] \"POST /api/users HTTP/1.1\" 400 89 \"-\" \"PostmanRuntime/7.32.2\"\n","timestamp":"2023-06-04T02:26:31.579Z"}
{"level":"info","message":"::1 - - [04/Jun/2023:02:26:32 +0000] \"POST /api/users HTTP/1.1\" 400 89 \"-\" \"PostmanRuntime/7.32.2\"\n","timestamp":"2023-06-04T02:26:32.819Z"}
{"level":"info","message":"::1 - - [04/Jun/2023:02:26:33 +0000] \"POST /api/users HTTP/1.1\" 400 89 \"-\" \"PostmanRuntime/7.32.2\"\n","timestamp":"2023-06-04T02:26:33.879Z"}
{"level":"info","message":"::1 - - [04/Jun/2023:02:26:37 +0000] \"POST /api/users HTTP/1.1\" 400 89 \"-\" \"PostmanRuntime/7.32.2\"\n","timestamp":"2023-06-04T02:26:37.438Z"}
{"level":"info","message":"::1 - - [04/Jun/2023:02:26:46 +0000] \"POST /api/users HTTP/1.1\" 400 89 \"-\" \"PostmanRuntime/7.32.2\"\n","timestamp":"2023-06-04T02:26:46.534Z"}
{"level":"info","message":"::1 - - [04/Jun/2023:02:26:47 +0000] \"POST /api/users HTTP/1.1\" 400 89 \"-\" \"PostmanRuntime/7.32.2\"\n","timestamp":"2023-06-04T02:26:47.852Z"}
{"level":"info","message":"::1 - - [04/Jun/2023:02:26:49 +0000] \"POST /api/users HTTP/1.1\" 400 89 \"-\" \"PostmanRuntime/7.32.2\"\n","timestamp":"2023-06-04T02:26:49.157Z"}
{"level":"info","message":"::1 - - [04/Jun/2023:02:27:00 +0000] \"POST /api/users HTTP/1.1\" 400 89 \"-\" \"PostmanRuntime/7.32.2\"\n","timestamp":"2023-06-04T02:27:00.264Z"}
{"level":"info","message":"::1 - - [04/Jun/2023:02:27:01 +0000] \"POST /api/users HTTP/1.1\" 400 89 \"-\" \"PostmanRuntime/7.32.2\"\n","timestamp":"2023-06-04T02:27:01.578Z"}
{"level":"info","message":"::1 - - [04/Jun/2023:02:27:03 +0000] \"POST /api/users HTTP/1.1\" 400 89 \"-\" \"PostmanRuntime/7.32.2\"\n","timestamp":"2023-06-04T02:27:03.101Z"}
{"level":"info","message":"::1 - - [04/Jun/2023:02:27:04 +0000] \"POST /api/users HTTP/1.1\" 400 89 \"-\" \"PostmanRuntime/7.32.2\"\n","timestamp":"2023-06-04T02:27:04.487Z"}
{"level":"info","message":"::1 - - [04/Jun/2023:02:27:05 +0000] \"POST /api/users HTTP/1.1\" 400 89 \"-\" \"PostmanRuntime/7.32.2\"\n","timestamp":"2023-06-04T02:27:05.570Z"}
{"level":"info","message":"::1 - - [04/Jun/2023:02:27:30 +0000] \"POST /api/users HTTP/1.1\" 400 66 \"-\" \"PostmanRuntime/7.32.2\"\n","timestamp":"2023-06-04T02:27:30.658Z"}
{"level":"info","message":"::1 - - [04/Jun/2023:02:27:38 +0000] \"POST /api/users HTTP/1.1\" 400 89 \"-\" \"PostmanRuntime/7.32.2\"\n","timestamp":"2023-06-04T02:27:38.438Z"}
{"level":"info","message":"::1 - - [04/Jun/2023:02:27:39 +0000] \"POST /api/users HTTP/1.1\" 400 101 \"-\" \"PostmanRuntime/7.32.2\"\n","timestamp":"2023-06-04T02:27:39.865Z"}
{"level":"info","message":"::1 - - [04/Jun/2023:02:27:41 +0000] \"POST /api/users HTTP/1.1\" 400 89 \"-\" \"PostmanRuntime/7.32.2\"\n","timestamp":"2023-06-04T02:27:41.314Z"}
{"level":"info","message":"::1 - - [04/Jun/2023:02:27:42 +0000] \"POST /api/users HTTP/1.1\" 400 89 \"-\" \"PostmanRuntime/7.32.2\"\n","timestamp":"2023-06-04T02:27:42.675Z"}
{"level":"info","message":"::1 - - [04/Jun/2023:02:27:43 +0000] \"POST /api/users HTTP/1.1\" 400 101 \"-\" \"PostmanRuntime/7.32.2\"\n","timestamp":"2023-06-04T02:27:43.962Z"}
{"level":"info","message":"::1 - - [04/Jun/2023:02:29:45 +0000] \"POST /api/users HTTP/1.1\" 400 101 \"-\" \"PostmanRuntime/7.32.2\"\n","timestamp":"2023-06-04T02:29:45.091Z"}
{"level":"info","message":"::1 - - [04/Jun/2023:02:29:45 +0000] \"POST /api/users HTTP/1.1\" 400 101 \"-\" \"PostmanRuntime/7.32.2\"\n","timestamp":"2023-06-04T02:29:45.136Z"}
{"level":"info","message":"::1 - - [04/Jun/2023:02:30:18 +0000] \"POST /api/users HTTP/1.1\" 400 101 \"-\" \"PostmanRuntime/7.32.2\"\n","timestamp":"2023-06-04T02:30:18.911Z"}
{"level":"info","message":"::1 - - [04/Jun/2023:02:30:18 +0000] \"POST /api/users HTTP/1.1\" 400 49 \"-\" \"PostmanRuntime/7.32.2\"\n","timestamp":"2023-06-04T02:30:18.993Z"}
{"level":"info","message":"::1 - - [04/Jun/2023:02:33:11 +0000] \"POST /api/users HTTP/1.1\" 400 101 \"-\" \"PostmanRuntime/7.32.2\"\n","timestamp":"2023-06-04T02:33:11.329Z"}
{"level":"info","message":"::1 - - [04/Jun/2023:02:33:11 +0000] \"POST /api/users HTTP/1.1\" 400 52 \"-\" \"PostmanRuntime/7.32.2\"\n","timestamp":"2023-06-04T02:33:11.412Z"}
{"level":"info","message":"::1 - - [04/Jun/2023:02:33:36 +0000] \"POST /api/users HTTP/1.1\" 400 101 \"-\" \"PostmanRuntime/7.32.2\"\n","timestamp":"2023-06-04T02:33:36.215Z"}
{"level":"info","message":"::1 - - [04/Jun/2023:02:33:36 +0000] \"POST /api/users HTTP/1.1\" 400 52 \"-\" \"PostmanRuntime/7.32.2\"\n","timestamp":"2023-06-04T02:33:36.267Z"}
{"level":"info","message":"::1 - - [04/Jun/2023:02:33:57 +0000] \"POST /api/users HTTP/1.1\" 400 101 \"-\" \"PostmanRuntime/7.32.2\"\n","timestamp":"2023-06-04T02:33:57.257Z"}
{"level":"info","message":"::1 - - [04/Jun/2023:02:33:57 +0000] \"POST /api/users HTTP/1.1\" 400 52 \"-\" \"PostmanRuntime/7.32.2\"\n","timestamp":"2023-06-04T02:33:57.327Z"}
{"level":"info","message":"::1 - - [04/Jun/2023:02:34:01 +0000] \"POST /api/users HTTP/1.1\" 400 105 \"-\" \"PostmanRuntime/7.32.2\"\n","timestamp":"2023-06-04T02:34:01.745Z"}
{"level":"info","message":"::1 - - [04/Jun/2023:02:34:25 +0000] \"POST /api/users HTTP/1.1\" 400 52 \"-\" \"PostmanRuntime/7.32.2\"\n","timestamp":"2023-06-04T02:34:25.547Z"}
{"level":"info","message":"::1 - - [04/Jun/2023:02:34:25 +0000] \"POST /api/authentications HTTP/1.1\" 500 52 \"-\" \"PostmanRuntime/7.32.2\"\n","timestamp":"2023-06-04T02:34:25.608Z"}
{"level":"info","message":"::1 - - [04/Jun/2023:02:34:45 +0000] \"POST /api/users HTTP/1.1\" 400 52 \"-\" \"PostmanRuntime/7.32.2\"\n","timestamp":"2023-06-04T02:34:45.458Z"}
{"level":"info","message":"::1 - - [04/Jun/2023:02:34:45 +0000] \"POST /api/authentications HTTP/1.1\" 500 52 \"-\" \"PostmanRuntime/7.32.2\"\n","timestamp":"2023-06-04T02:34:45.509Z"}
{"level":"info","message":"::1 - - [04/Jun/2023:02:35:12 +0000] \"POST /api/users HTTP/1.1\" 400 52 \"-\" \"PostmanRuntime/7.32.2\"\n","timestamp":"2023-06-04T02:35:12.133Z"}
{"level":"info","message":"::1 - - [04/Jun/2023:02:35:12 +0000] \"POST /api/authentications HTTP/1.1\" 500 52 \"-\" \"PostmanRuntime/7.32.2\"\n","timestamp":"2023-06-04T02:35:12.183Z"}
{"level":"info","message":"::1 - - [04/Jun/2023:02:37:48 +0000] \"POST /api/users HTTP/1.1\" 400 52 \"-\" \"PostmanRuntime/7.32.2\"\n","timestamp":"2023-06-04T02:37:48.670Z"}
{"level":"info","message":"::1 - - [04/Jun/2023:02:37:48 +0000] \"POST /api/authentications HTTP/1.1\" 500 52 \"-\" \"PostmanRuntime/7.32.2\"\n","timestamp":"2023-06-04T02:37:48.716Z"}
{"level":"info","message":"::1 - - [04/Jun/2023:02:41:33 +0000] \"POST /api/users HTTP/1.1\" 201 138 \"-\" \"PostmanRuntime/7.32.2\"\n","timestamp":"2023-06-04T02:41:33.992Z"}
{"level":"info","message":"::1 - - [04/Jun/2023:02:41:34 +0000] \"POST /api/authentications HTTP/1.1\" 500 52 \"-\" \"PostmanRuntime/7.32.2\"\n","timestamp":"2023-06-04T02:41:34.052Z"}
{"level":"info","message":"::1 - - [04/Jun/2023:02:42:29 +0000] \"POST /api/users HTTP/1.1\" 400 52 \"-\" \"PostmanRuntime/7.32.2\"\n","timestamp":"2023-06-04T02:42:29.665Z"}
{"level":"info","message":"::1 - - [04/Jun/2023:02:42:29 +0000] \"POST /api/authentications HTTP/1.1\" 401 52 \"-\" \"PostmanRuntime/7.32.2\"\n","timestamp":"2023-06-04T02:42:29.924Z"}
{"level":"info","message":"::1 - - [04/Jun/2023:02:43:22 +0000] \"POST /api/users HTTP/1.1\" 400 52 \"-\" \"PostmanRuntime/7.32.2\"\n","timestamp":"2023-06-04T02:43:22.881Z"}
{"level":"info","message":"::1 - - [04/Jun/2023:02:43:23 +0000] \"POST /api/authentications HTTP/1.1\" 401 52 \"-\" \"PostmanRuntime/7.32.2\"\n","timestamp":"2023-06-04T02:43:23.123Z"}
{"level":"info","message":"::1 - - [04/Jun/2023:02:43:32 +0000] \"POST /api/users HTTP/1.1\" 400 52 \"-\" \"PostmanRuntime/7.32.2\"\n","timestamp":"2023-06-04T02:43:32.344Z"}
{"level":"info","message":"::1 - - [04/Jun/2023:02:43:32 +0000] \"POST /api/authentications HTTP/1.1\" 401 52 \"-\" \"PostmanRuntime/7.32.2\"\n","timestamp":"2023-06-04T02:43:32.541Z"}
{"level":"info","message":"::1 - - [04/Jun/2023:02:43:37 +0000] \"POST /api/users HTTP/1.1\" 400 52 \"-\" \"PostmanRuntime/7.32.2\"\n","timestamp":"2023-06-04T02:43:37.102Z"}
{"level":"info","message":"::1 - - [04/Jun/2023:02:43:37 +0000] \"POST /api/authentications HTTP/1.1\" 400 66 \"-\" \"PostmanRuntime/7.32.2\"\n","timestamp":"2023-06-04T02:43:37.164Z"}
{"level":"info","message":"::1 - - [04/Jun/2023:02:43:45 +0000] \"POST /api/users HTTP/1.1\" 400 52 \"-\" \"PostmanRuntime/7.32.2\"\n","timestamp":"2023-06-04T02:43:45.414Z"}
{"level":"info","message":"::1 - - [04/Jun/2023:02:43:45 +0000] \"POST /api/authentications HTTP/1.1\" 400 66 \"-\" \"PostmanRuntime/7.32.2\"\n","timestamp":"2023-06-04T02:43:45.465Z"}
{"level":"info","message":"::1 - - [04/Jun/2023:02:43:54 +0000] \"POST /api/users HTTP/1.1\" 400 52 \"-\" \"PostmanRuntime/7.32.2\"\n","timestamp":"2023-06-04T02:43:54.652Z"}
{"level":"info","message":"::1 - - [04/Jun/2023:02:43:54 +0000] \"POST /api/authentications HTTP/1.1\" 201 474 \"-\" \"PostmanRuntime/7.32.2\"\n","timestamp":"2023-06-04T02:43:54.902Z"}
{"level":"info","message":"::1 - - [04/Jun/2023:02:43:58 +0000] \"PUT /api/authentications HTTP/1.1\" 200 251 \"-\" \"PostmanRuntime/7.32.2\"\n","timestamp":"2023-06-04T02:43:58.616Z"}
{"level":"info","message":"::1 - - [04/Jun/2023:02:44:01 +0000] \"PUT /api/authentications HTTP/1.1\" 400 55 \"-\" \"PostmanRuntime/7.32.2\"\n","timestamp":"2023-06-04T02:44:01.413Z"}
{"level":"info","message":"::1 - - [04/Jun/2023:02:44:05 +0000] \"DELETE /api/authentications HTTP/1.1\" 200 20 \"-\" \"PostmanRuntime/7.32.2\"\n","timestamp":"2023-06-04T02:44:05.448Z"}
{"level":"info","message":"::1 - - [04/Jun/2023:02:44:05 +0000] \"PUT /api/authentications HTTP/1.1\" 400 71 \"-\" \"PostmanRuntime/7.32.2\"\n","timestamp":"2023-06-04T02:44:05.524Z"}
{"level":"info","message":"::1 - - [04/Jun/2023:02:44:09 +0000] \"DELETE /api/authentications HTTP/1.1\" 400 71 \"-\" \"PostmanRuntime/7.32.2\"\n","timestamp":"2023-06-04T02:44:09.009Z"}
{"level":"info","message":"::1 - - [04/Jun/2023:02:45:26 +0000] \"POST /api/tickets HTTP/1.1\" 401 52 \"-\" \"PostmanRuntime/7.32.2\"\n","timestamp":"2023-06-04T02:45:26.308Z"}
{"level":"info","message":"::1 - - [04/Jun/2023:02:45:32 +0000] \"POST /api/tickets HTTP/1.1\" 400 91 \"-\" \"PostmanRuntime/7.32.2\"\n","timestamp":"2023-06-04T02:45:32.756Z"}
{"level":"info","message":"::1 - - [04/Jun/2023:02:45:39 +0000] \"POST /api/tickets HTTP/1.1\" 201 142 \"-\" \"PostmanRuntime/7.32.2\"\n","timestamp":"2023-06-04T02:45:39.565Z"}
{"level":"info","message":"::1 - - [04/Jun/2023:02:45:46 +0000] \"PUT /api/tickets/647bfad3471db5908502ee6d HTTP/1.1\" 403 68 \"-\" \"PostmanRuntime/7.32.2\"\n","timestamp":"2023-06-04T02:45:46.079Z"}
{"level":"info","message":"::1 - - [04/Jun/2023:02:46:16 +0000] \"POST /api/users HTTP/1.1\" 400 52 \"-\" \"PostmanRuntime/7.32.2\"\n","timestamp":"2023-06-04T02:46:16.730Z"}
{"level":"info","message":"::1 - - [04/Jun/2023:02:46:31 +0000] \"POST /api/users HTTP/1.1\" 201 138 \"-\" \"PostmanRuntime/7.32.2\"\n","timestamp":"2023-06-04T02:46:31.420Z"}
{"level":"info","message":"::1 - - [04/Jun/2023:02:46:35 +0000] \"POST /api/users HTTP/1.1\" 400 101 \"-\" \"PostmanRuntime/7.32.2\"\n","timestamp":"2023-06-04T02:46:35.420Z"}
{"level":"info","message":"::1 - - [04/Jun/2023:02:46:35 +0000] \"POST /api/authentications HTTP/1.1\" 201 474 \"-\" \"PostmanRuntime/7.32.2\"\n","timestamp":"2023-06-04T02:46:35.620Z"}
{"level":"info","message":"::1 - - [04/Jun/2023:02:46:41 +0000] \"POST /api/tickets HTTP/1.1\" 201 142 \"-\" \"PostmanRuntime/7.32.2\"\n","timestamp":"2023-06-04T02:46:41.099Z"}
{"level":"info","message":"::1 - - [04/Jun/2023:02:46:45 +0000] \"PUT /api/tickets/647bfb11471db5908502ee7a HTTP/1.1\" 200 66 \"-\" \"PostmanRuntime/7.32.2\"\n","timestamp":"2023-06-04T02:46:45.857Z"}
{"level":"info","message":"::1 - - [04/Jun/2023:02:48:02 +0000] \"PUT /api/tickets/647bfb11471db5908502ee7a HTTP/1.1\" 500 52 \"-\" \"PostmanRuntime/7.32.2\"\n","timestamp":"2023-06-04T02:48:02.032Z"}
{"level":"info","message":"::1 - - [04/Jun/2023:02:51:55 +0000] \"PUT /api/tickets/647bfb11471db5908502ee7a HTTP/1.1\" 400 96 \"-\" \"PostmanRuntime/7.32.2\"\n","timestamp":"2023-06-04T02:51:55.395Z"}
{"level":"info","message":"::1 - - [04/Jun/2023:02:55:34 +0000] \"PUT /api/tickets/647bfb11471db5908502ee7a HTTP/1.1\" 200 66 \"-\" \"PostmanRuntime/7.32.2\"\n","timestamp":"2023-06-04T02:55:34.042Z"}
{"level":"info","message":"::1 - - [04/Jun/2023:02:55:55 +0000] \"PUT /api/tickets/647bfb11471db5908502ee7a HTTP/1.1\" 200 66 \"-\" \"PostmanRuntime/7.32.2\"\n","timestamp":"2023-06-04T02:55:55.421Z"}
{"level":"info","message":"::1 - - [04/Jun/2023:02:55:57 +0000] \"PUT /api/tickets/647bfb11471db5908502ee7a HTTP/1.1\" 200 66 \"-\" \"PostmanRuntime/7.32.2\"\n","timestamp":"2023-06-04T02:55:57.091Z"}
{"level":"info","message":"::1 - - [04/Jun/2023:02:56:21 +0000] \"PUT /api/tickets/647bfb11471db5908502ee7a HTTP/1.1\" 400 96 \"-\" \"PostmanRuntime/7.32.2\"\n","timestamp":"2023-06-04T02:56:21.979Z"}
{"level":"info","message":"::1 - - [04/Jun/2023:02:56:24 +0000] \"PUT /api/tickets/647bfb11471db5908502ee7a HTTP/1.1\" 400 96 \"-\" \"PostmanRuntime/7.32.2\"\n","timestamp":"2023-06-04T02:56:24.758Z"}
{"level":"info","message":"::1 - - [04/Jun/2023:02:56:54 +0000] \"PUT /api/tickets/647bfb11471db5908502ee7a HTTP/1.1\" 400 96 \"-\" \"PostmanRuntime/7.32.2\"\n","timestamp":"2023-06-04T02:56:54.978Z"}
{"level":"info","message":"::1 - - [04/Jun/2023:02:56:57 +0000] \"PUT /api/tickets/647bfb11471db5908502ee7a HTTP/1.1\" 400 96 \"-\" \"PostmanRuntime/7.32.2\"\n","timestamp":"2023-06-04T02:56:57.426Z"}
{"level":"info","message":"::1 - - [04/Jun/2023:02:56:59 +0000] \"PUT /api/tickets/647bfb11471db5908502ee7a HTTP/1.1\" 400 96 \"-\" \"PostmanRuntime/7.32.2\"\n","timestamp":"2023-06-04T02:56:59.498Z"}
{"level":"info","message":"::1 - - [04/Jun/2023:02:57:01 +0000] \"PUT /api/tickets/647bfb11471db5908502ee7a HTTP/1.1\" 400 96 \"-\" \"PostmanRuntime/7.32.2\"\n","timestamp":"2023-06-04T02:57:01.123Z"}
{"level":"info","message":"::1 - - [04/Jun/2023:02:57:02 +0000] \"PUT /api/tickets/647bfb11471db5908502ee7a HTTP/1.1\" 400 107 \"-\" \"PostmanRuntime/7.32.2\"\n","timestamp":"2023-06-04T02:57:02.527Z"}
{"level":"info","message":"::1 - - [04/Jun/2023:02:57:13 +0000] \"PUT /api/tickets/647bfb11471db5908502ee7a HTTP/1.1\" 400 108 \"-\" \"PostmanRuntime/7.32.2\"\n","timestamp":"2023-06-04T02:57:13.336Z"}
{"level":"info","message":"::1 - - [04/Jun/2023:02:57:15 +0000] \"PUT /api/tickets/647bfb11471db5908502ee7a HTTP/1.1\" 400 96 \"-\" \"PostmanRuntime/7.32.2\"\n","timestamp":"2023-06-04T02:57:15.182Z"}
{"level":"info","message":"::1 - - [04/Jun/2023:02:57:16 +0000] \"PUT /api/tickets/647bfb11471db5908502ee7a HTTP/1.1\" 400 96 \"-\" \"PostmanRuntime/7.32.2\"\n","timestamp":"2023-06-04T02:57:16.577Z"}
{"level":"info","message":"::1 - - [04/Jun/2023:02:57:17 +0000] \"PUT /api/tickets/647bfb11471db5908502ee7a HTTP/1.1\" 400 107 \"-\" \"PostmanRuntime/7.32.2\"\n","timestamp":"2023-06-04T02:57:17.715Z"}
{"level":"info","message":"::1 - - [04/Jun/2023:03:02:59 +0000] \"POST /api/users HTTP/1.1\" 201 139 \"-\" \"PostmanRuntime/7.32.2\"\n","timestamp":"2023-06-04T03:02:59.445Z"}
{"level":"info","message":"::1 - - [04/Jun/2023:03:03:09 +0000] \"POST /api/users HTTP/1.1\" 400 101 \"-\" \"PostmanRuntime/7.32.2\"\n","timestamp":"2023-06-04T03:03:09.174Z"}
{"level":"info","message":"::1 - - [04/Jun/2023:03:03:09 +0000] \"POST /api/authentications HTTP/1.1\" 400 66 \"-\" \"PostmanRuntime/7.32.2\"\n","timestamp":"2023-06-04T03:03:09.230Z"}
{"level":"info","message":"::1 - - [04/Jun/2023:03:03:58 +0000] \"POST /api/users HTTP/1.1\" 400 101 \"-\" \"PostmanRuntime/7.32.2\"\n","timestamp":"2023-06-04T03:03:58.575Z"}
{"level":"info","message":"::1 - - [04/Jun/2023:03:03:58 +0000] \"POST /api/authentications HTTP/1.1\" 201 474 \"-\" \"PostmanRuntime/7.32.2\"\n","timestamp":"2023-06-04T03:03:58.790Z"}
{"level":"info","message":"::1 - - [04/Jun/2023:03:04:40 +0000] \"POST /api/users HTTP/1.1\" 400 101 \"-\" \"PostmanRuntime/7.32.2\"\n","timestamp":"2023-06-04T03:04:40.243Z"}
{"level":"info","message":"::1 - - [04/Jun/2023:03:04:40 +0000] \"POST /api/authentications HTTP/1.1\" 201 472 \"-\" \"PostmanRuntime/7.32.2\"\n","timestamp":"2023-06-04T03:04:40.432Z"}
{"level":"info","message":"::1 - - [04/Jun/2023:03:05:57 +0000] \"POST /api/users HTTP/1.1\" 400 101 \"-\" \"PostmanRuntime/7.32.2\"\n","timestamp":"2023-06-04T03:05:57.638Z"}
{"level":"info","message":"::1 - - [04/Jun/2023:03:05:57 +0000] \"POST /api/authentications HTTP/1.1\" 201 472 \"-\" \"PostmanRuntime/7.32.2\"\n","timestamp":"2023-06-04T03:05:57.845Z"}
{"level":"info","message":"::1 - - [04/Jun/2023:03:07:02 +0000] \"POST /api/users HTTP/1.1\" 400 101 \"-\" \"PostmanRuntime/7.32.2\"\n","timestamp":"2023-06-04T03:07:02.944Z"}
{"level":"info","message":"::1 - - [04/Jun/2023:03:07:03 +0000] \"POST /api/authentications HTTP/1.1\" 201 472 \"-\" \"PostmanRuntime/7.32.2\"\n","timestamp":"2023-06-04T03:07:03.158Z"}
{"level":"info","message":"::1 - - [04/Jun/2023:03:08:30 +0000] \"POST /api/tickets HTTP/1.1\" 201 142 \"-\" \"PostmanRuntime/7.32.2\"\n","timestamp":"2023-06-04T03:08:30.038Z"}
{"level":"info","message":"::1 - - [04/Jun/2023:03:13:08 +0000] \"POST /api/users HTTP/1.1\" 201 138 \"-\" \"PostmanRuntime/7.32.2\"\n","timestamp":"2023-06-04T03:13:08.571Z"}
{"level":"info","message":"::1 - - [04/Jun/2023:03:13:11 +0000] \"POST /api/users HTTP/1.1\" 201 139 \"-\" \"PostmanRuntime/7.32.2\"\n","timestamp":"2023-06-04T03:13:11.823Z"}
{"level":"info","message":"::1 - - [04/Jun/2023:03:13:16 +0000] \"POST /api/users HTTP/1.1\" 400 52 \"-\" \"PostmanRuntime/7.32.2\"\n","timestamp":"2023-06-04T03:13:16.865Z"}
{"level":"info","message":"::1 - - [04/Jun/2023:03:13:31 +0000] \"POST /api/users HTTP/1.1\" 400 52 \"-\" \"PostmanRuntime/7.32.2\"\n","timestamp":"2023-06-04T03:13:31.699Z"}
{"level":"info","message":"::1 - - [04/Jun/2023:03:15:21 +0000] \"POST /api/users HTTP/1.1\" 201 138 \"-\" \"PostmanRuntime/7.32.2\"\n","timestamp":"2023-06-04T03:15:21.302Z"}
{"level":"info","message":"::1 - - [04/Jun/2023:03:15:25 +0000] \"POST /api/users HTTP/1.1\" 201 139 \"-\" \"PostmanRuntime/7.32.2\"\n","timestamp":"2023-06-04T03:15:25.538Z"}
{"level":"info","message":"::1 - - [04/Jun/2023:03:15:28 +0000] \"POST /api/users HTTP/1.1\" 201 139 \"-\" \"PostmanRuntime/7.32.2\"\n","timestamp":"2023-06-04T03:15:28.712Z"}
{"level":"info","message":"::1 - - [04/Jun/2023:03:15:35 +0000] \"POST /api/users HTTP/1.1\" 400 52 \"-\" \"PostmanRuntime/7.32.2\"\n","timestamp":"2023-06-04T03:15:35.769Z"}
{"level":"info","message":"::1 - - [04/Jun/2023:03:15:35 +0000] \"POST /api/authentications HTTP/1.1\" 201 474 \"-\" \"PostmanRuntime/7.32.2\"\n","timestamp":"2023-06-04T03:15:35.988Z"}
{"level":"info","message":"::1 - - [04/Jun/2023:03:15:41 +0000] \"POST /api/users HTTP/1.1\" 400 101 \"-\" \"PostmanRuntime/7.32.2\"\n","timestamp":"2023-06-04T03:15:41.615Z"}
{"level":"info","message":"::1 - - [04/Jun/2023:03:15:41 +0000] \"POST /api/authentications HTTP/1.1\" 201 478 \"-\" \"PostmanRuntime/7.32.2\"\n","timestamp":"2023-06-04T03:15:41.812Z"}
{"level":"info","message":"::1 - - [04/Jun/2023:03:16:33 +0000] \"POST /api/users HTTP/1.1\" 400 101 \"-\" \"PostmanRuntime/7.32.2\"\n","timestamp":"2023-06-04T03:16:33.554Z"}
{"level":"info","message":"::1 - - [04/Jun/2023:03:16:33 +0000] \"POST /api/authentications HTTP/1.1\" 201 478 \"-\" \"PostmanRuntime/7.32.2\"\n","timestamp":"2023-06-04T03:16:33.771Z"}
{"level":"info","message":"::1 - - [04/Jun/2023:03:17:26 +0000] \"POST /api/tickets HTTP/1.1\" 401 52 \"-\" \"PostmanRuntime/7.32.2\"\n","timestamp":"2023-06-04T03:17:26.861Z"}
{"level":"info","message":"::1 - - [04/Jun/2023:03:17:33 +0000] \"POST /api/tickets HTTP/1.1\" 401 52 \"-\" \"PostmanRuntime/7.32.2\"\n","timestamp":"2023-06-04T03:17:33.516Z"}
{"level":"info","message":"::1 - - [04/Jun/2023:03:18:10 +0000] \"POST /api/users HTTP/1.1\" 400 101 \"-\" \"PostmanRuntime/7.32.2\"\n","timestamp":"2023-06-04T03:18:10.448Z"}
{"level":"info","message":"::1 - - [04/Jun/2023:03:18:10 +0000] \"POST /api/authentications HTTP/1.1\" 201 478 \"-\" \"PostmanRuntime/7.32.2\"\n","timestamp":"2023-06-04T03:18:10.651Z"}
{"level":"info","message":"::1 - - [04/Jun/2023:03:18:29 +0000] \"POST /api/users HTTP/1.1\" 400 101 \"-\" \"PostmanRuntime/7.32.2\"\n","timestamp":"2023-06-04T03:18:29.656Z"}
{"level":"info","message":"::1 - - [04/Jun/2023:03:18:29 +0000] \"POST /api/authentications HTTP/1.1\" 201 478 \"-\" \"PostmanRuntime/7.32.2\"\n","timestamp":"2023-06-04T03:18:29.872Z"}
{"level":"info","message":"::1 - - [04/Jun/2023:03:18:36 +0000] \"POST /api/tickets HTTP/1.1\" 201 142 \"-\" \"PostmanRuntime/7.32.2\"\n","timestamp":"2023-06-04T03:18:36.974Z"}
{"level":"info","message":"::1 - - [04/Jun/2023:03:18:54 +0000] \"PUT /api/tickets/647c028cd27891fc87777aef HTTP/1.1\" 400 108 \"-\" \"PostmanRuntime/7.32.2\"\n","timestamp":"2023-06-04T03:18:54.259Z"}
{"level":"info","message":"::1 - - [04/Jun/2023:03:19:46 +0000] \"POST /api/tickets HTTP/1.1\" 201 142 \"-\" \"PostmanRuntime/7.32.2\"\n","timestamp":"2023-06-04T03:19:46.184Z"}
{"level":"info","message":"::1 - - [04/Jun/2023:03:20:03 +0000] \"POST /api/tickets HTTP/1.1\" 201 142 \"-\" \"PostmanRuntime/7.32.2\"\n","timestamp":"2023-06-04T03:20:03.083Z"}
{"level":"info","message":"::1 - - [04/Jun/2023:03:20:06 +0000] \"POST /api/tickets HTTP/1.1\" 201 142 \"-\" \"PostmanRuntime/7.32.2\"\n","timestamp":"2023-06-04T03:20:06.846Z"}
{"level":"info","message":"::1 - - [04/Jun/2023:03:20:43 +0000] \"PUT /api/tickets/647c02d2d27891fc87777af4 HTTP/1.1\" 400 108 \"-\" \"PostmanRuntime/7.32.2\"\n","timestamp":"2023-06-04T03:20:43.537Z"}
{"level":"info","message":"::1 - - [04/Jun/2023:03:20:58 +0000] \"PUT /api/tickets/647c02d2d27891fc87777af4 HTTP/1.1\" 400 96 \"-\" \"PostmanRuntime/7.32.2\"\n","timestamp":"2023-06-04T03:20:58.785Z"}
{"level":"info","message":"::1 - - [04/Jun/2023:03:21:06 +0000] \"PUT /api/tickets/647c02d2d27891fc87777af4 HTTP/1.1\" 400 107 \"-\" \"PostmanRuntime/7.32.2\"\n","timestamp":"2023-06-04T03:21:06.447Z"}
{"level":"info","message":"::1 - - [04/Jun/2023:03:22:22 +0000] \"PUT /api/tickets/647c028cd27891fc87777aef HTTP/1.1\" 401 52 \"-\" \"PostmanRuntime/7.32.2\"\n","timestamp":"2023-06-04T03:22:22.076Z"}
{"level":"info","message":"::1 - - [04/Jun/2023:03:23:01 +0000] \"PUT /api/tickets/647c02d2d27891fc87777af4 HTTP/1.1\" 403 68 \"-\" \"PostmanRuntime/7.32.2\"\n","timestamp":"2023-06-04T03:23:01.288Z"}
{"level":"info","message":"::1 - - [04/Jun/2023:03:24:03 +0000] \"PUT /api/tickets/647c02d2d27891fc87777af4 HTTP/1.1\" 403 68 \"-\" \"PostmanRuntime/7.32.2\"\n","timestamp":"2023-06-04T03:24:03.221Z"}
{"level":"info","message":"::1 - - [04/Jun/2023:03:24:30 +0000] \"PUT /api/tickets/647c02d2d27891fc87777af4 HTTP/1.1\" 400 96 \"-\" \"PostmanRuntime/7.32.2\"\n","timestamp":"2023-06-04T03:24:30.884Z"}
{"level":"info","message":"::1 - - [04/Jun/2023:03:24:49 +0000] \"PUT /api/tickets/647c02d2d27891fc87777af4 HTTP/1.1\" 200 66 \"-\" \"PostmanRuntime/7.32.2\"\n","timestamp":"2023-06-04T03:24:49.327Z"}
{"level":"info","message":"::1 - - [04/Jun/2023:03:24:51 +0000] \"PUT /api/tickets/647c02d2d27891fc87777af4 HTTP/1.1\" 200 66 \"-\" \"PostmanRuntime/7.32.2\"\n","timestamp":"2023-06-04T03:24:51.040Z"}
{"level":"info","message":"::1 - - [04/Jun/2023:03:24:52 +0000] \"PUT /api/tickets/647c02d2d27891fc87777af4 HTTP/1.1\" 200 66 \"-\" \"PostmanRuntime/7.32.2\"\n","timestamp":"2023-06-04T03:24:52.578Z"}
{"level":"info","message":"::1 - - [04/Jun/2023:03:24:53 +0000] \"PUT /api/tickets/647c02d2d27891fc87777af4 HTTP/1.1\" 200 66 \"-\" \"PostmanRuntime/7.32.2\"\n","timestamp":"2023-06-04T03:24:53.829Z"}
{"level":"info","message":"::1 - - [04/Jun/2023:03:26:39 +0000] \"GET /api/tickets/647c02d2d27891fc87777af4 HTTP/1.1\" 403 69 \"-\" \"PostmanRuntime/7.32.2\"\n","timestamp":"2023-06-04T03:26:39.688Z"}
{"level":"info","message":"::1 - - [04/Jun/2023:03:27:03 +0000] \"GET /api/tickets/647c02d2d27891fc87777af4 HTTP/1.1\" 403 69 \"-\" \"PostmanRuntime/7.32.2\"\n","timestamp":"2023-06-04T03:27:03.145Z"}
{"level":"info","message":"::1 - - [04/Jun/2023:03:27:19 +0000] \"GET /api/tickets/647c02d2d27891fc87777af4 HTTP/1.1\" 403 69 \"-\" \"PostmanRuntime/7.32.2\"\n","timestamp":"2023-06-04T03:27:19.288Z"}
{"level":"info","message":"::1 - - [04/Jun/2023:03:27:20 +0000] \"GET /api/tickets/647c02d2d27891fc87777af4 HTTP/1.1\" 403 69 \"-\" \"PostmanRuntime/7.32.2\"\n","timestamp":"2023-06-04T03:27:20.946Z"}
{"level":"info","message":"::1 - - [04/Jun/2023:03:27:32 +0000] \"GET /api/tickets/647c02d2d27891fc87777af4 HTTP/1.1\" 403 69 \"-\" \"PostmanRuntime/7.32.2\"\n","timestamp":"2023-06-04T03:27:32.644Z"}
{"level":"info","message":"::1 - - [04/Jun/2023:03:28:53 +0000] \"GET /api/tickets/647c02d2d27891fc87777af4 HTTP/1.1\" 403 69 \"-\" \"PostmanRuntime/7.32.2\"\n","timestamp":"2023-06-04T03:28:53.771Z"}
{"level":"info","message":"::1 - - [04/Jun/2023:03:29:30 +0000] \"GET /api/tickets/647c02d2d27891fc87777af4 HTTP/1.1\" 403 69 \"-\" \"PostmanRuntime/7.32.2\"\n","timestamp":"2023-06-04T03:29:30.901Z"}
{"level":"info","message":"::1 - - [04/Jun/2023:03:30:51 +0000] \"GET /api/tickets/647c02d2d27891fc87777af4 HTTP/1.1\" 403 69 \"-\" \"PostmanRuntime/7.32.2\"\n","timestamp":"2023-06-04T03:30:51.909Z"}
{"level":"info","message":"::1 - - [04/Jun/2023:03:31:39 +0000] \"GET /api/tickets/647c02d2d27891fc87777af4 HTTP/1.1\" 500 52 \"-\" \"PostmanRuntime/7.32.2\"\n","timestamp":"2023-06-04T03:31:39.368Z"}
{"level":"info","message":"::1 - - [04/Jun/2023:03:32:18 +0000] \"GET /api/tickets/647c02d2d27891fc87777af4 HTTP/1.1\" 500 52 \"-\" \"PostmanRuntime/7.32.2\"\n","timestamp":"2023-06-04T03:32:18.671Z"}
{"level":"info","message":"::1 - - [04/Jun/2023:03:33:51 +0000] \"GET /api/tickets/647c02d2d27891fc87777af4 HTTP/1.1\" 500 52 \"-\" \"PostmanRuntime/7.32.2\"\n","timestamp":"2023-06-04T03:33:51.479Z"}
{"level":"info","message":"::1 - - [04/Jun/2023:03:34:11 +0000] \"GET /api/tickets/647c02d2d27891fc87777af4 HTTP/1.1\" 500 52 \"-\" \"PostmanRuntime/7.32.2\"\n","timestamp":"2023-06-04T03:34:11.442Z"}
{"level":"info","message":"::1 - - [04/Jun/2023:03:36:06 +0000] \"GET /api/tickets/647c02d2d27891fc87777af4 HTTP/1.1\" 500 52 \"-\" \"PostmanRuntime/7.32.2\"\n","timestamp":"2023-06-04T03:36:06.546Z"}
{"level":"info","message":"::1 - - [04/Jun/2023:03:36:08 +0000] \"GET /api/tickets/647c02d2d27891fc87777af4 HTTP/1.1\" 500 52 \"-\" \"PostmanRuntime/7.32.2\"\n","timestamp":"2023-06-04T03:36:08.634Z"}
{"level":"info","message":"::1 - - [04/Jun/2023:03:36:36 +0000] \"GET /api/tickets/647c02d2d27891fc87777af4 HTTP/1.1\" 500 52 \"-\" \"PostmanRuntime/7.32.2\"\n","timestamp":"2023-06-04T03:36:36.556Z"}
{"level":"info","message":"::1 - - [04/Jun/2023:03:37:00 +0000] \"GET /api/tickets/647c02d2d27891fc87777af4 HTTP/1.1\" 500 52 \"-\" \"PostmanRuntime/7.32.2\"\n","timestamp":"2023-06-04T03:37:00.323Z"}
{"level":"info","message":"::1 - - [04/Jun/2023:03:37:24 +0000] \"GET /api/tickets/647c02d2d27891fc87777af4 HTTP/1.1\" 500 52 \"-\" \"PostmanRuntime/7.32.2\"\n","timestamp":"2023-06-04T03:37:24.638Z"}
{"level":"info","message":"::1 - - [04/Jun/2023:03:38:55 +0000] \"GET /api/tickets/647c02d2d27891fc87777af4 HTTP/1.1\" 200 371 \"-\" \"PostmanRuntime/7.32.2\"\n","timestamp":"2023-06-04T03:38:55.519Z"}
{"level":"info","message":"::1 - - [04/Jun/2023:03:40:18 +0000] \"POST /api/users HTTP/1.1\" 201 138 \"-\" \"PostmanRuntime/7.32.2\"\n","timestamp":"2023-06-04T03:40:18.705Z"}
{"level":"info","message":"::1 - - [04/Jun/2023:03:40:34 +0000] \"POST /api/users HTTP/1.1\" 201 139 \"-\" \"PostmanRuntime/7.32.2\"\n","timestamp":"2023-06-04T03:40:34.039Z"}
{"level":"info","message":"::1 - - [04/Jun/2023:03:40:44 +0000] \"POST /api/users HTTP/1.1\" 201 139 \"-\" \"PostmanRuntime/7.32.2\"\n","timestamp":"2023-06-04T03:40:44.449Z"}
{"level":"info","message":"::1 - - [04/Jun/2023:03:40:48 +0000] \"POST /api/users HTTP/1.1\" 400 52 \"-\" \"PostmanRuntime/7.32.2\"\n","timestamp":"2023-06-04T03:40:48.437Z"}
{"level":"info","message":"::1 - - [04/Jun/2023:03:40:48 +0000] \"POST /api/authentications HTTP/1.1\" 201 474 \"-\" \"PostmanRuntime/7.32.2\"\n","timestamp":"2023-06-04T03:40:48.680Z"}
{"level":"info","message":"::1 - - [04/Jun/2023:03:40:52 +0000] \"POST /api/users HTTP/1.1\" 400 101 \"-\" \"PostmanRuntime/7.32.2\"\n","timestamp":"2023-06-04T03:40:52.221Z"}
{"level":"info","message":"::1 - - [04/Jun/2023:03:40:52 +0000] \"POST /api/authentications HTTP/1.1\" 201 478 \"-\" \"PostmanRuntime/7.32.2\"\n","timestamp":"2023-06-04T03:40:52.414Z"}
{"level":"info","message":"::1 - - [04/Jun/2023:03:40:55 +0000] \"POST /api/users HTTP/1.1\" 400 101 \"-\" \"PostmanRuntime/7.32.2\"\n","timestamp":"2023-06-04T03:40:55.095Z"}
{"level":"info","message":"::1 - - [04/Jun/2023:03:40:55 +0000] \"POST /api/authentications HTTP/1.1\" 201 478 \"-\" \"PostmanRuntime/7.32.2\"\n","timestamp":"2023-06-04T03:40:55.323Z"}
{"level":"info","message":"::1 - - [04/Jun/2023:03:41:03 +0000] \"POST /api/tickets HTTP/1.1\" 401 52 \"-\" \"PostmanRuntime/7.32.2\"\n","timestamp":"2023-06-04T03:41:03.301Z"}
{"level":"info","message":"::1 - - [04/Jun/2023:03:41:06 +0000] \"POST /api/tickets HTTP/1.1\" 400 103 \"-\" \"PostmanRuntime/7.32.2\"\n","timestamp":"2023-06-04T03:41:06.063Z"}
{"level":"info","message":"::1 - - [04/Jun/2023:03:41:07 +0000] \"POST /api/tickets HTTP/1.1\" 400 103 \"-\" \"PostmanRuntime/7.32.2\"\n","timestamp":"2023-06-04T03:41:07.507Z"}
{"level":"info","message":"::1 - - [04/Jun/2023:03:41:08 +0000] \"POST /api/tickets HTTP/1.1\" 400 103 \"-\" \"PostmanRuntime/7.32.2\"\n","timestamp":"2023-06-04T03:41:08.687Z"}
{"level":"info","message":"::1 - - [04/Jun/2023:03:41:11 +0000] \"POST /api/tickets HTTP/1.1\" 400 103 \"-\" \"PostmanRuntime/7.32.2\"\n","timestamp":"2023-06-04T03:41:11.072Z"}
{"level":"info","message":"::1 - - [04/Jun/2023:03:41:12 +0000] \"POST /api/tickets HTTP/1.1\" 400 103 \"-\" \"PostmanRuntime/7.32.2\"\n","timestamp":"2023-06-04T03:41:12.473Z"}
{"level":"info","message":"::1 - - [04/Jun/2023:03:41:13 +0000] \"POST /api/tickets HTTP/1.1\" 400 103 \"-\" \"PostmanRuntime/7.32.2\"\n","timestamp":"2023-06-04T03:41:13.804Z"}
{"level":"info","message":"::1 - - [04/Jun/2023:03:41:15 +0000] \"POST /api/tickets HTTP/1.1\" 400 103 \"-\" \"PostmanRuntime/7.32.2\"\n","timestamp":"2023-06-04T03:41:15.053Z"}
{"level":"info","message":"::1 - - [04/Jun/2023:03:41:18 +0000] \"POST /api/tickets HTTP/1.1\" 201 142 \"-\" \"PostmanRuntime/7.32.2\"\n","timestamp":"2023-06-04T03:41:18.921Z"}
{"level":"info","message":"::1 - - [04/Jun/2023:03:41:21 +0000] \"POST /api/tickets HTTP/1.1\" 400 103 \"-\" \"PostmanRuntime/7.32.2\"\n","timestamp":"2023-06-04T03:41:21.998Z"}
{"level":"info","message":"::1 - - [04/Jun/2023:03:41:23 +0000] \"POST /api/tickets HTTP/1.1\" 400 103 \"-\" \"PostmanRuntime/7.32.2\"\n","timestamp":"2023-06-04T03:41:23.463Z"}
{"level":"info","message":"::1 - - [04/Jun/2023:03:41:25 +0000] \"POST /api/tickets HTTP/1.1\" 400 103 \"-\" \"PostmanRuntime/7.32.2\"\n","timestamp":"2023-06-04T03:41:25.182Z"}
{"level":"info","message":"::1 - - [04/Jun/2023:03:41:26 +0000] \"POST /api/tickets HTTP/1.1\" 400 103 \"-\" \"PostmanRuntime/7.32.2\"\n","timestamp":"2023-06-04T03:41:26.498Z"}
{"level":"info","message":"::1 - - [04/Jun/2023:03:41:27 +0000] \"POST /api/tickets HTTP/1.1\" 400 103 \"-\" \"PostmanRuntime/7.32.2\"\n","timestamp":"2023-06-04T03:41:27.864Z"}
{"level":"info","message":"::1 - - [04/Jun/2023:03:41:38 +0000] \"POST /api/tickets HTTP/1.1\" 400 103 \"-\" \"PostmanRuntime/7.32.2\"\n","timestamp":"2023-06-04T03:41:38.454Z"}
{"level":"info","message":"::1 - - [04/Jun/2023:03:41:39 +0000] \"POST /api/tickets HTTP/1.1\" 400 103 \"-\" \"PostmanRuntime/7.32.2\"\n","timestamp":"2023-06-04T03:41:39.999Z"}
{"level":"info","message":"::1 - - [04/Jun/2023:03:41:41 +0000] \"POST /api/tickets HTTP/1.1\" 400 103 \"-\" \"PostmanRuntime/7.32.2\"\n","timestamp":"2023-06-04T03:41:41.796Z"}
{"level":"info","message":"::1 - - [04/Jun/2023:03:41:42 +0000] \"POST /api/tickets HTTP/1.1\" 400 103 \"-\" \"PostmanRuntime/7.32.2\"\n","timestamp":"2023-06-04T03:41:42.952Z"}
{"level":"info","message":"::1 - - [04/Jun/2023:03:41:44 +0000] \"POST /api/tickets HTTP/1.1\" 400 103 \"-\" \"PostmanRuntime/7.32.2\"\n","timestamp":"2023-06-04T03:41:44.207Z"}
{"level":"info","message":"::1 - - [04/Jun/2023:03:42:22 +0000] \"POST /api/tickets HTTP/1.1\" 400 90 \"-\" \"PostmanRuntime/7.32.2\"\n","timestamp":"2023-06-04T03:42:22.837Z"}
{"level":"info","message":"::1 - - [04/Jun/2023:03:42:24 +0000] \"POST /api/tickets HTTP/1.1\" 400 103 \"-\" \"PostmanRuntime/7.32.2\"\n","timestamp":"2023-06-04T03:42:24.123Z"}
{"level":"info","message":"::1 - - [04/Jun/2023:03:42:28 +0000] \"POST /api/tickets HTTP/1.1\" 201 142 \"-\" \"PostmanRuntime/7.32.2\"\n","timestamp":"2023-06-04T03:42:28.194Z"}
{"level":"info","message":"::1 - - [04/Jun/2023:03:42:31 +0000] \"POST /api/tickets HTTP/1.1\" 201 142 \"-\" \"PostmanRuntime/7.32.2\"\n","timestamp":"2023-06-04T03:42:31.371Z"}
{"level":"info","message":"::1 - - [04/Jun/2023:03:42:33 +0000] \"POST /api/tickets HTTP/1.1\" 201 142 \"-\" \"PostmanRuntime/7.32.2\"\n","timestamp":"2023-06-04T03:42:33.319Z"}
{"level":"info","message":"::1 - - [04/Jun/2023:03:42:36 +0000] \"PUT /api/tickets/647c08248685d108901961bf HTTP/1.1\" 400 108 \"-\" \"PostmanRuntime/7.32.2\"\n","timestamp":"2023-06-04T03:42:36.938Z"}
{"level":"info","message":"::1 - - [04/Jun/2023:03:42:38 +0000] \"PUT /api/tickets/647c08248685d108901961bf HTTP/1.1\" 400 108 \"-\" \"PostmanRuntime/7.32.2\"\n","timestamp":"2023-06-04T03:42:38.474Z"}
{"level":"info","message":"::1 - - [04/Jun/2023:03:42:39 +0000] \"PUT /api/tickets/647c08248685d108901961bf HTTP/1.1\" 400 108 \"-\" \"PostmanRuntime/7.32.2\"\n","timestamp":"2023-06-04T03:42:39.794Z"}
{"level":"info","message":"::1 - - [04/Jun/2023:03:42:42 +0000] \"PUT /api/tickets/647c08248685d108901961bf HTTP/1.1\" 400 108 \"-\" \"PostmanRuntime/7.32.2\"\n","timestamp":"2023-06-04T03:42:42.153Z"}
{"level":"info","message":"::1 - - [04/Jun/2023:03:42:46 +0000] \"PUT /api/tickets/647c08248685d108901961bf HTTP/1.1\" 400 96 \"-\" \"PostmanRuntime/7.32.2\"\n","timestamp":"2023-06-04T03:42:46.864Z"}
{"level":"info","message":"::1 - - [04/Jun/2023:03:42:48 +0000] \"PUT /api/tickets/647c08248685d108901961bf HTTP/1.1\" 400 107 \"-\" \"PostmanRuntime/7.32.2\"\n","timestamp":"2023-06-04T03:42:48.632Z"}
{"level":"info","message":"::1 - - [04/Jun/2023:03:42:54 +0000] \"PUT /api/tickets/647c08248685d108901961bf HTTP/1.1\" 403 68 \"-\" \"PostmanRuntime/7.32.2\"\n","timestamp":"2023-06-04T03:42:54.623Z"}
{"level":"info","message":"::1 - - [04/Jun/2023:03:42:56 +0000] \"PUT /api/tickets/647c08248685d108901961bf HTTP/1.1\" 403 68 \"-\" \"PostmanRuntime/7.32.2\"\n","timestamp":"2023-06-04T03:42:56.542Z"}
{"level":"info","message":"::1 - - [04/Jun/2023:03:43:39 +0000] \"PUT /api/tickets/647c08248685d108901961bf HTTP/1.1\" 200 66 \"-\" \"PostmanRuntime/7.32.2\"\n","timestamp":"2023-06-04T03:43:39.879Z"}
{"level":"info","message":"::1 - - [04/Jun/2023:03:44:15 +0000] \"PUT /api/tickets/647c08298685d108901961c5 HTTP/1.1\" 200 66 \"-\" \"PostmanRuntime/7.32.2\"\n","timestamp":"2023-06-04T03:44:15.558Z"}
{"level":"info","message":"::1 - - [04/Jun/2023:03:45:01 +0000] \"GET /api/tickets/647c08248685d108901961bf HTTP/1.1\" 200 375 \"-\" \"PostmanRuntime/7.32.2\"\n","timestamp":"2023-06-04T03:45:01.343Z"}
{"level":"info","message":"::1 - - [04/Jun/2023:03:45:20 +0000] \"GET /api/tickets/647c08248685d108901961bf HTTP/1.1\" 200 375 \"-\" \"PostmanRuntime/7.32.2\"\n","timestamp":"2023-06-04T03:45:20.908Z"}
{"level":"info","message":"::1 - - [04/Jun/2023:03:45:24 +0000] \"GET /api/tickets/647c08248685d108901961bf HTTP/1.1\" 200 375 \"-\" \"PostmanRuntime/7.32.2\"\n","timestamp":"2023-06-04T03:45:24.028Z"}
{"level":"info","message":"::1 - - [04/Jun/2023:03:46:00 +0000] \"GET /api/tickets/647c08248685d108901961bf HTTP/1.1\" 200 375 \"-\" \"PostmanRuntime/7.32.2\"\n","timestamp":"2023-06-04T03:46:00.320Z"}
{"level":"info","message":"::1 - - [04/Jun/2023:03:47:24 +0000] \"GET /api/tickets/647c08248685d108901961bf HTTP/1.1\" 200 375 \"-\" \"PostmanRuntime/7.32.2\"\n","timestamp":"2023-06-04T03:47:24.250Z"}
{"level":"info","message":"::1 - - [04/Jun/2023:03:49:35 +0000] \"GET /api/tickets/647c08248685d108901961bf HTTP/1.1\" 200 375 \"-\" \"PostmanRuntime/7.32.2\"\n","timestamp":"2023-06-04T03:49:35.430Z"}
{"level":"info","message":"::1 - - [04/Jun/2023:03:49:58 +0000] \"GET /api/tickets/647c08248685d108901961bf HTTP/1.1\" 200 375 \"-\" \"PostmanRuntime/7.32.2\"\n","timestamp":"2023-06-04T03:49:58.964Z"}
{"level":"info","message":"::1 - - [04/Jun/2023:03:50:09 +0000] \"GET /api/tickets/647c08248685d108901961bf HTTP/1.1\" 200 375 \"-\" \"PostmanRuntime/7.32.2\"\n","timestamp":"2023-06-04T03:50:09.995Z"}
{"level":"info","message":"::1 - - [04/Jun/2023:03:50:53 +0000] \"GET /api/tickets/647c08248685d108901961bf HTTP/1.1\" 200 375 \"-\" \"PostmanRuntime/7.32.2\"\n","timestamp":"2023-06-04T03:50:53.497Z"}
{"level":"info","message":"::1 - - [04/Jun/2023:03:51:33 +0000] \"GET /api/tickets/647c08248685d108901961bf HTTP/1.1\" 403 69 \"-\" \"PostmanRuntime/7.32.2\"\n","timestamp":"2023-06-04T03:51:33.345Z"}
{"level":"info","message":"::1 - - [04/Jun/2023:03:52:31 +0000] \"GET /api/tickets/647c08248685d108901961bf HTTP/1.1\" 403 69 \"-\" \"PostmanRuntime/7.32.2\"\n","timestamp":"2023-06-04T03:52:31.559Z"}
{"level":"info","message":"::1 - - [04/Jun/2023:03:52:32 +0000] \"GET /api/tickets/647c08248685d108901961bf HTTP/1.1\" 403 69 \"-\" \"PostmanRuntime/7.32.2\"\n","timestamp":"2023-06-04T03:52:32.903Z"}
{"level":"info","message":"::1 - - [04/Jun/2023:03:52:34 +0000] \"GET /api/tickets/647c08248685d108901961bf HTTP/1.1\" 403 69 \"-\" \"PostmanRuntime/7.32.2\"\n","timestamp":"2023-06-04T03:52:34.133Z"}
{"level":"info","message":"::1 - - [04/Jun/2023:03:52:35 +0000] \"GET /api/tickets/647c08248685d108901961bf HTTP/1.1\" 403 69 \"-\" \"PostmanRuntime/7.32.2\"\n","timestamp":"2023-06-04T03:52:35.292Z"}
{"level":"info","message":"::1 - - [04/Jun/2023:03:53:16 +0000] \"GET /api/tickets/647c08248685d108901961bf HTTP/1.1\" 403 69 \"-\" \"PostmanRuntime/7.32.2\"\n","timestamp":"2023-06-04T03:53:16.295Z"}
{"level":"info","message":"::1 - - [04/Jun/2023:03:55:09 +0000] \"GET /api/tickets/647c08248685d108901961bf HTTP/1.1\" 403 69 \"-\" \"PostmanRuntime/7.32.2\"\n","timestamp":"2023-06-04T03:55:09.825Z"}
{"level":"info","message":"::1 - - [04/Jun/2023:03:55:12 +0000] \"GET /api/tickets/647c08248685d108901961bf HTTP/1.1\" 403 69 \"-\" \"PostmanRuntime/7.32.2\"\n","timestamp":"2023-06-04T03:55:12.543Z"}
{"level":"info","message":"::1 - - [04/Jun/2023:03:55:27 +0000] \"GET /api/tickets?keyword=&page=&limit= HTTP/1.1\" 200 645 \"-\" \"PostmanRuntime/7.32.2\"\n","timestamp":"2023-06-04T03:55:27.690Z"}
{"level":"info","message":"::1 - - [04/Jun/2023:03:57:33 +0000] \"GET /api/tickets?keyword=&page=&limit= HTTP/1.1\" 200 645 \"-\" \"PostmanRuntime/7.32.2\"\n","timestamp":"2023-06-04T03:57:33.134Z"}
{"level":"info","message":"::1 - - [04/Jun/2023:03:58:12 +0000] \"GET /api/tickets?keyword=&page=&limit=4 HTTP/1.1\" 200 1245 \"-\" \"PostmanRuntime/7.32.2\"\n","timestamp":"2023-06-04T03:58:12.927Z"}
{"level":"info","message":"::1 - - [04/Jun/2023:03:59:09 +0000] \"GET /api/tickets?keyword=&page=&limit=4 HTTP/1.1\" 200 1245 \"-\" \"PostmanRuntime/7.32.2\"\n","timestamp":"2023-06-04T03:59:09.915Z"}
{"level":"info","message":"::1 - - [04/Jun/2023:03:59:24 +0000] \"GET /api/tickets?keyword=&page=&limit=4 HTTP/1.1\" 200 1245 \"-\" \"PostmanRuntime/7.32.2\"\n","timestamp":"2023-06-04T03:59:24.032Z"}
{"level":"info","message":"::1 - - [04/Jun/2023:04:00:13 +0000] \"PUT /api/tickets/647c08248685d108901961bf HTTP/1.1\" 200 66 \"-\" \"PostmanRuntime/7.32.2\"\n","timestamp":"2023-06-04T04:00:13.021Z"}
{"level":"info","message":"::1 - - [04/Jun/2023:04:01:34 +0000] \"GET /api/tickets?keyword=&page=&limit=4 HTTP/1.1\" 200 1239 \"-\" \"PostmanRuntime/7.32.2\"\n","timestamp":"2023-06-04T04:01:34.941Z"}
{"level":"info","message":"::1 - - [04/Jun/2023:04:03:14 +0000] \"GET /api/tickets?keyword=&page=&limit=4 HTTP/1.1\" 200 1239 \"-\" \"PostmanRuntime/7.32.2\"\n","timestamp":"2023-06-04T04:03:14.507Z"}
{"level":"info","message":"::1 - - [04/Jun/2023:04:04:01 +0000] \"GET /api/tickets?keyword=&page=&limit=4 HTTP/1.1\" 200 65 \"-\" \"PostmanRuntime/7.32.2\"\n","timestamp":"2023-06-04T04:04:01.264Z"}
{"level":"info","message":"::1 - - [04/Jun/2023:04:04:24 +0000] \"GET /api/tickets?keyword=&page=&limit=9 HTTP/1.1\" 200 65 \"-\" \"PostmanRuntime/7.32.2\"\n","timestamp":"2023-06-04T04:04:24.262Z"}
{"level":"info","message":"::1 - - [04/Jun/2023:04:04:28 +0000] \"GET /api/tickets?keyword=&page=&limit=2 HTTP/1.1\" 200 53 \"-\" \"PostmanRuntime/7.32.2\"\n","timestamp":"2023-06-04T04:04:28.170Z"}
{"level":"info","message":"::1 - - [04/Jun/2023:04:04:31 +0000] \"GET /api/tickets?keyword=&page=&limit= HTTP/1.1\" 200 53 \"-\" \"PostmanRuntime/7.32.2\"\n","timestamp":"2023-06-04T04:04:31.630Z"}
{"level":"info","message":"::1 - - [04/Jun/2023:04:05:02 +0000] \"GET /api/tickets?keyword=&page=&limit= HTTP/1.1\" 200 53 \"-\" \"PostmanRuntime/7.32.2\"\n","timestamp":"2023-06-04T04:05:02.523Z"}
{"level":"info","message":"::1 - - [04/Jun/2023:04:05:16 +0000] \"GET /api/tickets?keyword=&page=&limit= HTTP/1.1\" 200 53 \"-\" \"PostmanRuntime/7.32.2\"\n","timestamp":"2023-06-04T04:05:16.082Z"}
{"level":"info","message":"::1 - - [04/Jun/2023:04:05:49 +0000] \"GET /api/tickets?keyword=&page=&limit= HTTP/1.1\" 200 65 \"-\" \"PostmanRuntime/7.32.2\"\n","timestamp":"2023-06-04T04:05:49.475Z"}
{"level":"info","message":"::1 - - [04/Jun/2023:04:06:51 +0000] \"GET /api/tickets?keyword=&page=&limit= HTTP/1.1\" 200 63 \"-\" \"PostmanRuntime/7.32.2\"\n","timestamp":"2023-06-04T04:06:51.151Z"}
{"level":"info","message":"::1 - - [04/Jun/2023:04:07:53 +0000] \"GET /api/tickets?keyword=&page=&limit= HTTP/1.1\" 200 63 \"-\" \"PostmanRuntime/7.32.2\"\n","timestamp":"2023-06-04T04:07:53.090Z"}
{"level":"info","message":"::1 - - [04/Jun/2023:04:07:55 +0000] \"GET /api/tickets?keyword=&page=&limit= HTTP/1.1\" 200 63 \"-\" \"PostmanRuntime/7.32.2\"\n","timestamp":"2023-06-04T04:07:55.734Z"}
{"level":"info","message":"::1 - - [04/Jun/2023:04:08:32 +0000] \"GET /api/tickets?keyword=&page=&limit= HTTP/1.1\" 200 63 \"-\" \"PostmanRuntime/7.32.2\"\n","timestamp":"2023-06-04T04:08:32.367Z"}
{"level":"info","message":"::1 - - [04/Jun/2023:04:10:01 +0000] \"GET /api/tickets?keyword=&page=&limit= HTTP/1.1\" 200 639 \"-\" \"PostmanRuntime/7.32.2\"\n","timestamp":"2023-06-04T04:10:01.678Z"}
{"level":"info","message":"::1 - - [04/Jun/2023:04:10:11 +0000] \"GET /api/tickets?keyword=&page=&limit=8 HTTP/1.1\" 200 639 \"-\" \"PostmanRuntime/7.32.2\"\n","timestamp":"2023-06-04T04:10:11.119Z"}
{"level":"info","message":"::1 - - [04/Jun/2023:04:11:02 +0000] \"GET /api/tickets?keyword=&page=&limit=1 HTTP/1.1\" 200 342 \"-\" \"PostmanRuntime/7.32.2\"\n","timestamp":"2023-06-04T04:11:02.117Z"}
{"level":"info","message":"::1 - - [04/Jun/2023:04:11:18 +0000] \"GET /api/tickets?keyword=&page=&limit=1 HTTP/1.1\" 200 342 \"-\" \"PostmanRuntime/7.32.2\"\n","timestamp":"2023-06-04T04:11:18.785Z"}
{"level":"info","message":"::1 - - [04/Jun/2023:04:11:22 +0000] \"GET /api/tickets?keyword=&page=&limit=2 HTTP/1.1\" 200 641 \"-\" \"PostmanRuntime/7.32.2\"\n","timestamp":"2023-06-04T04:11:22.853Z"}
{"level":"info","message":"::1 - - [04/Jun/2023:04:11:35 +0000] \"GET /api/tickets?keyword=&page=&limit= HTTP/1.1\" 200 639 \"-\" \"PostmanRuntime/7.32.2\"\n","timestamp":"2023-06-04T04:11:35.459Z"}
{"level":"info","message":"::1 - - [04/Jun/2023:04:11:43 +0000] \"GET /api/tickets?keyword=&page=&limit=2 HTTP/1.1\" 200 641 \"-\" \"PostmanRuntime/7.32.2\"\n","timestamp":"2023-06-04T04:11:43.229Z"}
{"level":"info","message":"::1 - - [04/Jun/2023:04:13:24 +0000] \"GET /api/tickets?keyword=&page=&limit=2 HTTP/1.1\" 200 641 \"-\" \"PostmanRuntime/7.32.2\"\n","timestamp":"2023-06-04T04:13:24.060Z"}
{"level":"info","message":"::1 - - [04/Jun/2023:04:13:32 +0000] \"GET /api/tickets?keyword=&page=&limit=2 HTTP/1.1\" 200 641 \"-\" \"PostmanRuntime/7.32.2\"\n","timestamp":"2023-06-04T04:13:32.986Z"}
{"level":"info","message":"::1 - - [04/Jun/2023:04:13:53 +0000] \"GET /api/tickets?keyword=&page=&limit=2 HTTP/1.1\" 200 695 \"-\" \"PostmanRuntime/7.32.2\"\n","timestamp":"2023-06-04T04:13:53.959Z"}
{"level":"info","message":"::1 - - [04/Jun/2023:04:15:02 +0000] \"PUT /api/tickets/647c08298685d108901961c5 HTTP/1.1\" 200 66 \"-\" \"PostmanRuntime/7.32.2\"\n","timestamp":"2023-06-04T04:15:02.767Z"}
{"level":"info","message":"::1 - - [04/Jun/2023:04:15:13 +0000] \"GET /api/tickets?keyword=&page=&limit=1 HTTP/1.1\" 200 369 \"-\" \"PostmanRuntime/7.32.2\"\n","timestamp":"2023-06-04T04:15:13.127Z"}
{"level":"info","message":"::1 - - [04/Jun/2023:04:15:32 +0000] \"GET /api/tickets?keyword=&page=&limit=2 HTTP/1.1\" 200 697 \"-\" \"PostmanRuntime/7.32.2\"\n","timestamp":"2023-06-04T04:15:32.975Z"}
{"level":"info","message":"::1 - - [04/Jun/2023:04:15:51 +0000] \"PUT /api/tickets/647c08298685d108901961c5 HTTP/1.1\" 200 66 \"-\" \"PostmanRuntime/7.32.2\"\n","timestamp":"2023-06-04T04:15:51.238Z"}
{"level":"info","message":"::1 - - [04/Jun/2023:04:15:55 +0000] \"GET /api/tickets?keyword=&page=&limit=2 HTTP/1.1\" 200 699 \"-\" \"PostmanRuntime/7.32.2\"\n","timestamp":"2023-06-04T04:15:55.498Z"}
{"level":"info","message":"::1 - - [04/Jun/2023:04:18:10 +0000] \"DELETE /api/tickets/647c08248685d108901961bf HTTP/1.1\" 403 69 \"-\" \"PostmanRuntime/7.32.2\"\n","timestamp":"2023-06-04T04:18:10.459Z"}
{"level":"info","message":"::1 - - [04/Jun/2023:04:19:13 +0000] \"DELETE /api/tickets/647c08248685d108901961bf HTTP/1.1\" 403 69 \"-\" \"PostmanRuntime/7.32.2\"\n","timestamp":"2023-06-04T04:19:13.397Z"}
{"level":"info","message":"::1 - - [04/Jun/2023:04:26:39 +0000] \"GET /api/tickets?keyword=&page=&limit= HTTP/1.1\" 200 693 \"-\" \"PostmanRuntime/7.32.2\"\n","timestamp":"2023-06-04T04:26:39.890Z"}
{"level":"info","message":"::1 - - [04/Jun/2023:04:27:42 +0000] \"GET /api/notifications HTTP/1.1\" 500 52 \"-\" \"PostmanRuntime/7.32.2\"\n","timestamp":"2023-06-04T04:27:42.671Z"}
{"level":"info","message":"::1 - - [04/Jun/2023:04:28:41 +0000] \"GET /api/notifications HTTP/1.1\" 200 475 \"-\" \"PostmanRuntime/7.32.2\"\n","timestamp":"2023-06-04T04:28:41.617Z"}
{"level":"info","message":"::1 - - [04/Jun/2023:04:33:16 +0000] \"PUT /api/tickets/647c08248685d108901961bf HTTP/1.1\" 200 66 \"-\" \"PostmanRuntime/7.32.2\"\n","timestamp":"2023-06-04T04:33:16.416Z"}
{"level":"info","message":"::1 - - [04/Jun/2023:04:33:19 +0000] \"PUT /api/tickets/647c08248685d108901961bf HTTP/1.1\" 200 66 \"-\" \"PostmanRuntime/7.32.2\"\n","timestamp":"2023-06-04T04:33:19.272Z"}
{"level":"info","message":"::1 - - [04/Jun/2023:04:33:44 +0000] \"GET /api/tickets?keyword=&page=&limit= HTTP/1.1\" 200 693 \"-\" \"PostmanRuntime/7.32.2\"\n","timestamp":"2023-06-04T04:33:44.151Z"}
{"level":"info","message":"::1 - - [04/Jun/2023:04:33:53 +0000] \"GET /api/notifications HTTP/1.1\" 200 599 \"-\" \"PostmanRuntime/7.32.2\"\n","timestamp":"2023-06-04T04:33:53.615Z"}
{"level":"info","message":"::1 - - [04/Jun/2023:04:34:40 +0000] \"PUT /api/tickets/647c08298685d108901961c5 HTTP/1.1\" 200 66 \"-\" \"PostmanRuntime/7.32.2\"\n","timestamp":"2023-06-04T04:34:40.394Z"}
{"level":"info","message":"::1 - - [04/Jun/2023:04:35:05 +0000] \"GET /api/notifications HTTP/1.1\" 200 329 \"-\" \"PostmanRuntime/7.32.2\"\n","timestamp":"2023-06-04T04:35:05.309Z"}
{"level":"info","message":"::1 - - [04/Jun/2023:04:35:24 +0000] \"PUT /api/tickets/647c08298685d108901961c5 HTTP/1.1\" 200 66 \"-\" \"PostmanRuntime/7.32.2\"\n","timestamp":"2023-06-04T04:35:24.488Z"}
{"level":"info","message":"::1 - - [04/Jun/2023:04:35:28 +0000] \"GET /api/notifications HTTP/1.1\" 200 615 \"-\" \"PostmanRuntime/7.32.2\"\n","timestamp":"2023-06-04T04:35:28.420Z"}
{"level":"info","message":"::1 - - [04/Jun/2023:04:36:17 +0000] \"GET /api/notifications HTTP/1.1\" 200 615 \"-\" \"PostmanRuntime/7.32.2\"\n","timestamp":"2023-06-04T04:36:17.763Z"}
{"level":"info","message":"::1 - - [04/Jun/2023:04:37:29 +0000] \"GET /api/notifications HTTP/1.1\" 200 48 \"-\" \"PostmanRuntime/7.32.2\"\n","timestamp":"2023-06-04T04:37:29.032Z"}
{"level":"info","message":"::1 - - [04/Jun/2023:04:38:04 +0000] \"GET /api/notifications HTTP/1.1\" 200 625 \"-\" \"PostmanRuntime/7.32.2\"\n","timestamp":"2023-06-04T04:38:04.555Z"}
{"level":"info","message":"::1 - - [04/Jun/2023:04:38:38 +0000] \"GET /api/notifications HTTP/1.1\" 200 615 \"-\" \"PostmanRuntime/7.32.2\"\n","timestamp":"2023-06-04T04:38:38.343Z"}
{"level":"info","message":"::1 - - [04/Jun/2023:04:44:24 +0000] \"GET /api/notifications HTTP/1.1\" 200 615 \"-\" \"PostmanRuntime/7.32.2\"\n","timestamp":"2023-06-04T04:44:24.159Z"}
{"level":"info","message":"::1 - - [04/Jun/2023:04:49:44 +0000] \"GET /api/notifications HTTP/1.1\" 200 101 \"-\" \"PostmanRuntime/7.32.2\"\n","timestamp":"2023-06-04T04:49:44.524Z"}
{"level":"info","message":"::1 - - [04/Jun/2023:04:50:16 +0000] \"GET /api/notifications HTTP/1.1\" 200 1245 \"-\" \"PostmanRuntime/7.32.2\"\n","timestamp":"2023-06-04T04:50:16.535Z"}
{"level":"info","message":"::1 - - [04/Jun/2023:04:50:39 +0000] \"GET /api/notifications HTTP/1.1\" 500 52 \"-\" \"PostmanRuntime/7.32.2\"\n","timestamp":"2023-06-04T04:50:39.852Z"}
{"level":"info","message":"::1 - - [04/Jun/2023:04:50:56 +0000] \"GET /api/notifications HTTP/1.1\" 200 1245 \"-\" \"PostmanRuntime/7.32.2\"\n","timestamp":"2023-06-04T04:50:56.875Z"}
{"level":"info","message":"::1 - - [04/Jun/2023:04:51:11 +0000] \"GET /api/notifications HTTP/1.1\" 200 615 \"-\" \"PostmanRuntime/7.32.2\"\n","timestamp":"2023-06-04T04:51:11.857Z"}
{"level":"info","message":"::1 - - [04/Jun/2023:04:52:43 +0000] \"GET /api/notifications HTTP/1.1\" 200 1245 \"-\" \"PostmanRuntime/7.32.2\"\n","timestamp":"2023-06-04T04:52:43.805Z"}
{"level":"info","message":"::1 - - [04/Jun/2023:04:54:02 +0000] \"GET /api/notifications HTTP/1.1\" 200 643 \"-\" \"PostmanRuntime/7.32.2\"\n","timestamp":"2023-06-04T04:54:02.838Z"}
{"level":"info","message":"::1 - - [04/Jun/2023:04:55:32 +0000] \"GET /api/notifications HTTP/1.1\" 200 603 \"-\" \"PostmanRuntime/7.32.2\"\n","timestamp":"2023-06-04T04:55:32.364Z"}
{"level":"info","message":"::1 - - [04/Jun/2023:04:56:07 +0000] \"GET /api/notifications HTTP/1.1\" 200 537 \"-\" \"PostmanRuntime/7.32.2\"\n","timestamp":"2023-06-04T04:56:07.264Z"}
{"level":"info","message":"::1 - - [04/Jun/2023:04:56:29 +0000] \"GET /api/notifications HTTP/1.1\" 200 521 \"-\" \"PostmanRuntime/7.32.2\"\n","timestamp":"2023-06-04T04:56:29.480Z"}
{"level":"info","message":"::1 - - [04/Jun/2023:04:56:38 +0000] \"GET /api/tickets/647c08248685d108901961bf HTTP/1.1\" 403 69 \"-\" \"PostmanRuntime/7.32.2\"\n","timestamp":"2023-06-04T04:56:38.644Z"}
{"level":"info","message":"::1 - - [04/Jun/2023:04:56:43 +0000] \"GET /api/tickets/647c08248685d108901961bf HTTP/1.1\" 403 69 \"-\" \"PostmanRuntime/7.32.2\"\n","timestamp":"2023-06-04T04:56:43.969Z"}
{"level":"info","message":"::1 - - [04/Jun/2023:04:56:49 +0000] \"GET /api/tickets/647c08248685d108901961bf HTTP/1.1\" 403 69 \"-\" \"PostmanRuntime/7.32.2\"\n","timestamp":"2023-06-04T04:56:49.396Z"}
{"level":"info","message":"::1 - - [04/Jun/2023:04:56:57 +0000] \"GET /api/tickets/647c08248685d108901961bf HTTP/1.1\" 403 69 \"-\" \"PostmanRuntime/7.32.2\"\n","timestamp":"2023-06-04T04:56:57.936Z"}
{"level":"info","message":"::1 - - [04/Jun/2023:04:57:21 +0000] \"GET /api/tickets/647c08248685d108901961bf HTTP/1.1\" 403 69 \"-\" \"PostmanRuntime/7.32.2\"\n","timestamp":"2023-06-04T04:57:21.128Z"}
{"level":"info","message":"::1 - - [04/Jun/2023:04:58:01 +0000] \"GET /api/tickets/647c08248685d108901961bf HTTP/1.1\" 403 69 \"-\" \"PostmanRuntime/7.32.2\"\n","timestamp":"2023-06-04T04:58:01.471Z"}
{"level":"info","message":"::1 - - [04/Jun/2023:04:58:07 +0000] \"GET /api/tickets?keyword=&page=&limit= HTTP/1.1\" 200 693 \"-\" \"PostmanRuntime/7.32.2\"\n","timestamp":"2023-06-04T04:58:07.514Z"}
{"level":"info","message":"::1 - - [04/Jun/2023:04:59:39 +0000] \"GET /api/tickets/647c08248685d108901961bf HTTP/1.1\" 403 69 \"-\" \"PostmanRuntime/7.32.2\"\n","timestamp":"2023-06-04T04:59:39.288Z"}
{"level":"info","message":"::1 - - [04/Jun/2023:04:59:49 +0000] \"GET /api/tickets/647c08248685d108901961bf HTTP/1.1\" 403 69 \"-\" \"PostmanRuntime/7.32.2\"\n","timestamp":"2023-06-04T04:59:49.213Z"}
{"level":"info","message":"::1 - - [04/Jun/2023:05:02:23 +0000] \"GET /api/tickets/647c08248685d108901961bf HTTP/1.1\" 403 69 \"-\" \"PostmanRuntime/7.32.2\"\n","timestamp":"2023-06-04T05:02:23.879Z"}
{"level":"info","message":"::1 - - [04/Jun/2023:05:02:55 +0000] \"GET /api/tickets/647c08248685d108901961bf HTTP/1.1\" 403 69 \"-\" \"PostmanRuntime/7.32.2\"\n","timestamp":"2023-06-04T05:02:55.992Z"}
{"level":"info","message":"::1 - - [04/Jun/2023:05:03:28 +0000] \"GET /api/tickets/647c08248685d108901961bf HTTP/1.1\" 403 69 \"-\" \"PostmanRuntime/7.32.2\"\n","timestamp":"2023-06-04T05:03:28.631Z"}
{"level":"info","message":"::1 - - [04/Jun/2023:05:04:03 +0000] \"GET /api/tickets/647c08248685d108901961bf HTTP/1.1\" 200 369 \"-\" \"PostmanRuntime/7.32.2\"\n","timestamp":"2023-06-04T05:04:03.694Z"}
{"level":"info","message":"::1 - - [04/Jun/2023:05:04:12 +0000] \"GET /api/tickets/647c08248685d108901961bf HTTP/1.1\" 403 69 \"-\" \"PostmanRuntime/7.32.2\"\n","timestamp":"2023-06-04T05:04:12.043Z"}
{"level":"info","message":"::1 - - [04/Jun/2023:05:04:17 +0000] \"GET /api/tickets?keyword=&page=&limit=4 HTTP/1.1\" 200 1243 \"-\" \"PostmanRuntime/7.32.2\"\n","timestamp":"2023-06-04T05:04:17.081Z"}
{"level":"info","message":"::1 - - [04/Jun/2023:05:04:34 +0000] \"GET /api/tickets?keyword=&page=&limit= HTTP/1.1\" 200 693 \"-\" \"PostmanRuntime/7.32.2\"\n","timestamp":"2023-06-04T05:04:34.843Z"}
{"level":"info","message":"::1 - - [04/Jun/2023:05:05:31 +0000] \"GET /api/tickets?keyword=&page=&limit=2 HTTP/1.1\" 200 699 \"-\" \"PostmanRuntime/7.32.2\"\n","timestamp":"2023-06-04T05:05:31.004Z"}
{"level":"info","message":"::1 - - [04/Jun/2023:05:05:36 +0000] \"DELETE /api/tickets/647c08248685d108901961bf HTTP/1.1\" 200 93 \"-\" \"PostmanRuntime/7.32.2\"\n","timestamp":"2023-06-04T05:05:36.682Z"}
{"level":"info","message":"::1 - - [04/Jun/2023:05:19:23 +0000] \"GET /api/notifications HTTP/1.1\" 200 521 \"-\" \"PostmanRuntime/7.32.2\"\n","timestamp":"2023-06-04T05:19:23.605Z"}
{"level":"info","message":"::1 - - [04/Jun/2023:05:20:37 +0000] \"DELETE /api/notifications/647c08248685d108901961bf HTTP/1.1\" 500 52 \"-\" \"PostmanRuntime/7.32.2\"\n","timestamp":"2023-06-04T05:20:37.858Z"}
{"level":"info","message":"::1 - - [04/Jun/2023:05:21:26 +0000] \"DELETE /api/notifications/647c08248685d108901961bf HTTP/1.1\" 200 55 \"-\" \"PostmanRuntime/7.32.2\"\n","timestamp":"2023-06-04T05:21:26.588Z"}
{"level":"info","message":"::1 - - [04/Jun/2023:05:21:40 +0000] \"DELETE /api/notifications/647c08248685d108901961bf HTTP/1.1\" 200 55 \"-\" \"PostmanRuntime/7.32.2\"\n","timestamp":"2023-06-04T05:21:40.215Z"}
{"level":"info","message":"::1 - - [04/Jun/2023:05:21:41 +0000] \"DELETE /api/notifications/647c08248685d108901961bf HTTP/1.1\" 200 55 \"-\" \"PostmanRuntime/7.32.2\"\n","timestamp":"2023-06-04T05:21:41.772Z"}
{"level":"info","message":"::1 - - [04/Jun/2023:05:21:43 +0000] \"DELETE /api/notifications/647c08248685d108901961bf HTTP/1.1\" 200 55 \"-\" \"PostmanRuntime/7.32.2\"\n","timestamp":"2023-06-04T05:21:43.254Z"}
{"level":"info","message":"::1 - - [04/Jun/2023:05:21:44 +0000] \"DELETE /api/notifications/647c08248685d108901961bf HTTP/1.1\" 200 55 \"-\" \"PostmanRuntime/7.32.2\"\n","timestamp":"2023-06-04T05:21:44.277Z"}
{"level":"info","message":"::1 - - [04/Jun/2023:05:21:45 +0000] \"DELETE /api/notifications/647c08248685d108901961bf HTTP/1.1\" 200 55 \"-\" \"PostmanRuntime/7.32.2\"\n","timestamp":"2023-06-04T05:21:45.223Z"}
{"level":"info","message":"::1 - - [04/Jun/2023:05:21:46 +0000] \"DELETE /api/notifications/647c08248685d108901961bf HTTP/1.1\" 200 55 \"-\" \"PostmanRuntime/7.32.2\"\n","timestamp":"2023-06-04T05:21:46.198Z"}
{"level":"info","message":"::1 - - [04/Jun/2023:05:21:51 +0000] \"GET /api/notifications HTTP/1.1\" 200 521 \"-\" \"PostmanRuntime/7.32.2\"\n","timestamp":"2023-06-04T05:21:51.428Z"}
{"level":"info","message":"::1 - - [04/Jun/2023:05:21:53 +0000] \"DELETE /api/notifications/647c08248685d108901961bf HTTP/1.1\" 200 55 \"-\" \"PostmanRuntime/7.32.2\"\n","timestamp":"2023-06-04T05:21:53.812Z"}
